Drug Development Product Management SpecializationDrugs: From Target Discovery to Patients. Familiarize yourself with the process of drug discovery, drug development and drug commercialization, in this new specialization from University of California, San Diego!Williams S. Ettouat26,1071,746 ratings
 248--------------------------------- 
Full Stack Web Development with Angular SpecializationBuild Complete Web and Hybrid Mobile Solutions. Master front-end web, hybrid mobile app and server-side development in five comprehensive courses.Jogesh K. Muppala15,8354,236 ratings
 249--------------------------------- 
MATLAB Programming for Engineers and Scientists SpecializationFrom Zero to MATLAB Hero in Three Courses.. Gain a solid foundation in computer programming and become a MATLAB expert.Akos Ledeczi65,4544,063 ratings
 250--------------------------------- 
Introduction to Machine Learning in Production-Andrew Ng65,6942,123 ratings
 251--------------------------------- 
Academic English: Writing SpecializationTransform Your Writing Skills. Prepare for college-level writing and research in just four courses.Tamy Chapman183,07211,501 ratings
 252--------------------------------- 
IT Security: Defense against the digital dark arts-Google Career Certificates   Top Instructor  273,75617,623 ratings
 253--------------------------------- 
Improving Deep Neural Networks: Hyperparameter Tuning, Regularization and Optimization-Andrew Ng469,42961,560 ratings
 254--------------------------------- 
Product Ideation, Design, and Management SpecializationLearn to discover, design, and deliver products that customers love.Dr. James V. Green5,952179 ratings
 255--------------------------------- 
Food Sustainability, Mindful Eating, and Healthy Cooking SpecializationMake Mindful, Sustainable Food Choices & Cook . Learn strategies and skills for protecting your health and the health of the planet.Maya Ada3,670263 ratings
 256--------------------------------- 
Cryptography I-Dan Boneh   396,5483,980 ratings
 257--------------------------------- 
Real-World Product Management SpecializationLearn Product Management: Sponsored by AWS . Learn product management (PM) from top product managers! Discover if a career in product management is for you as you develop the skills to succeed as a PM at tech companies like Amazon, Google, Meta, Microsoft, or a startup! This program is ACE® approved—when you complete, you can earn up to 6 college credits.Nancy Wang13,607579 ratings
 258--------------------------------- 
C# Programming for Unity Game Development SpecializationLearn to Program Unity Games with C#. Learn C# programming and how to use C# in Unity gamesDr. Tim "Dr. T" Chamillard7,7162,067 ratings
 259--------------------------------- 
Game Theory-Matthew O. Jackson424,2614,254 ratings
 260--------------------------------- 
Human Resources Analytics-Amber Gould   45,108977 ratings
 261--------------------------------- 
AI For Business SpecializationLearn the Fundamentals of AI and Machine Learning. Develop a deployment strategy for incorporating AI, ML, and Big Data into your organization that will take advantage of cutting-edge technologiesKartik Hosanagar3,049112 ratings
 262--------------------------------- 
Uncommon Sense Teaching SpecializationAdvance Your Career in Teaching. Master strategies and tools to effectively reach and teach students based on leading edge insightsBarbara OakleyNot shown publicly in website.44 ratings
 263--------------------------------- 
PostgreSQL for Everybody SpecializationSQL: From Basic to Advanced. Learn SQL skills you can use in an actual, real-world environmentCharles Russell Severance14,079682 ratings
 264--------------------------------- 
Google Professional Workspace Administrator Professional CertificateGoogle Cloud Training   
 265--------------------------------- 
Everyday Excel SpecializationLearn Excel From Scratch to Expert. Starting from zero knowledge of Excel, you'll learn basic spreadsheet skills and apply them in to several exciting projects in the capstone "Projects" course.Charlie Nuttelman40,4301,310 ratings
 266--------------------------------- 
Web Applications for Everybody SpecializationBuild dynamic database-backed web sites.. Use PHP, MySQL, jQuery, and Handlebars to build web and database applications.Charles Russell Severance95,7355,355 ratings
 267--------------------------------- 
Natural Language Processing with Classification and Vector Spaces-Younes Bensouda Mourri119,4913,687 ratings
 268--------------------------------- 
Introduction to TensorFlow for Artificial Intelligence, Machine Learning, and Deep Learning-Laurence Moroney   311,00617,984 ratings
 269--------------------------------- 
Project Management SpecializationBecome a Project Manager. Learn the skills required to manage successful projects.Christy BoziNot shown publicly in website.64 ratings
 270--------------------------------- 
21st Century Energy Transition: how do we make it work?-Brad Hayes   
 271--------------------------------- 
Functional Programming in Scala SpecializationProgram on a Higher Level. Write elegant functional code to analyze data that's big or smallMartin Odersky66,2206,783 ratings
 272--------------------------------- 
Photography Basics and Beyond: From Smartphone to DSLR SpecializationCreate photographs you will be proud to share.. Build a solid foundation in digital photography, growing in knowledge from camera to composition!Peter Glendinning108,4894,919 ratings
 273--------------------------------- 
Introduction to Social Media Marketing-Anke Audenaert   262,3129,805 ratings
 274--------------------------------- 
Dynamic Public Speaking SpecializationBecome an Excellent Public Speaker. Master techniques for designing and delivering clear and compelling presentations.Dr. Matt McGarrity61,8751,119 ratings
 275--------------------------------- 
Introduction to Cloud Computing-Rav Ahuja   130,9332,845 ratings
 276--------------------------------- 
Learn Spanish: Basic Spanish Vocabulary SpecializationLearn Spanish. Build a working vocabulary of 1,500 of the most used words and phrases.Dr. Robert Blake   117,7402,951 ratings
 277--------------------------------- 
Business Analytics SpecializationData-driven decision making potential unlocked. Learners will be able to obtain, manage, analyze and visualize data to gain a competitive advantage in the world of strategic business decision making.Ronald Guymon4,75260 ratings
 278--------------------------------- 
Creating Business Value with Data and Looker SpecializationBuild skills to leverage cloud data with Looker. Introduction to Data in the Cloud and Looker for a Looker DeveloperGoogle Cloud Training3,111163 ratings
 279--------------------------------- 
Investment Management SpecializationMake Smart Investment Decisions in a Global World. Learn how a wealth-generating investment portfolio functions in practice.University of Geneva- Ines Chaieb73,7715,715 ratings
 280--------------------------------- 
Introduction to Front-End Development-Taught by Meta Staff   79,9002,839 ratings
 281--------------------------------- 
Microsoft Azure Fundamentals AZ-900 Exam Prep SpecializationLaunch your career in cloud computing. Prepare for the Microsoft AZ-900 certification exam.Microsoft40,4721,423 ratings
 282--------------------------------- 
From Likes to Leads: Interact with Customers Online-Google Career Certificates   Top Instructor  33,622692 ratings
 283--------------------------------- 
Google Data Analytics (PT) Professional CertificateSeu caminho para uma carreira em análise de dados. Neste programa, você aprenderá as habilidades necessárias para estar pronto para trabalhar em menos de seis meses.Google Career Certificates   Top Instructor  
 284--------------------------------- 
Music Education for Teachers SpecializationDevelop Strategies for Teaching Popular Music. Advance your instructional practice for teaching popular music in the classroomKrystal Banfield3,700137 ratings
 285--------------------------------- 
Forensic Accounting and Fraud Examination-Dr. Richard Rile107,0344,839 ratings
 286--------------------------------- 
Transforming the Fashion Business SpecializationDesign the Future of the Fashion Business. Master the challenges facing the fashion industry in today's complex and evolving landscapeKeanan Duffty6,219246 ratings
 287--------------------------------- 
Design and Interpretation of Clinical Trials-Janet Holbroo128,0134,059 ratings
 288--------------------------------- 
Digital Manufacturing & Design Technology SpecializationUnderstand Manufacturing’s Fourth Revolution. Learn how manufacturing is evolving with advances in digital-based technology.Ken English28,4093,474 ratings
 289--------------------------------- 
Removing Barriers to Change-Jonah Berger   17,037282 ratings
 290--------------------------------- 
Django for Everybody SpecializationBuild & deploy rich web applications using Django. Learn the fundamentals of building a full-featured web site using DjangoCharles Russell Severance58,0361,909 ratings
 291--------------------------------- 
Excel Basics for Data Analysis-Sandip Saha Joy142,6964,496 ratings
 292--------------------------------- 
Become an EMT SpecializationEMT Medical and Trauma Emergency Care. Gain the skills needed to provide first responder emergency medical careAngela Wrigh29,4391,395 ratings
 293--------------------------------- 
AWS Cloud Practitioner Essentials-Rudy Chetty69,7351,059 ratings
 294--------------------------------- 
Machine Learning on Google Cloud SpecializationLearn machine learning with Google Cloud. Real-world experimentation with end-to-end MLGoogle Cloud Training85,1328,341 ratings
 295--------------------------------- 
Object Oriented Programming in Java SpecializationGrow Your Portfolio as a Software Engineer. Learn about Object Oriented Design in four project-based courses.Owen Astrachan85,5423,650 ratings
 296--------------------------------- 
Financial Analysis - Skills for Success SpecializationPrepare for a career in financial analysis. Gain a wholistic understanding of organizational finance and apply an analytical mindset toward financial statement analysis and organizational decision-making.Gies College of BusinesNot shown publicly in website.7 ratings
 297--------------------------------- 
First Step Korean-Seung Hae Kang   1,280,90045,660 ratings
 298--------------------------------- 
Introduction to Calculus-David Easdown   Top Instructor  174,1683,128 ratings
 299--------------------------------- 
AI Product Management SpecializationManage the Design & Development of ML Products. Understand how machine learning works and when and how it can be applied to solve problems. Learn to apply the data science process and best practices to lead machine learning projects, and how to develop human-centered AI products which ensure privacy and ethical standards.Jon Reifschneider6,317116 ratings
 300--------------------------------- 
Excel Skills for Business: Essentials-Nicky Bull750,72644,811 ratings
 301--------------------------------- 
Electronic Music Production SpecializationCreate Musical Compositions With Your Computer. Learn the tools and techniques to create professional sounding music.Loudon Stearns12,833476 ratings
 302--------------------------------- 
Business Value and Project Management SpecializationCoursework to build great organizational leaders.. Learners will be able to form a more wholistic perspective on business fundamentals and better manage organizational development, change, and projects.Oktay UrcanNot shown publicly in website.52 ratings
 303--------------------------------- 
Statistical Analysis with R for Public Health SpecializationMaster Statistics for Public Health and Learn R. Develop your statistical thinking skills and learn key data analysis methods through RAlex Bottle24,1571,452 ratings
 304--------------------------------- 
Google Data Analytics Capstone: Complete a Case Study-Google Career Certificates   Top Instructor  193,7657,615 ratings
 305--------------------------------- 
Circular Economy - Sustainable Materials Management-Philip Peck50,1461,572 ratings
 306--------------------------------- 
Statistics with Python SpecializationPractical and Modern Statistical Thinking For All. Use Python for statistical visualization, inference, and modelingBrenda Gunderson65,1702,546 ratings
 307--------------------------------- 
Capstone: Applying Project Management in the Real World-Google Career Certificates   Top Instructor  115,4884,169 ratings
 308--------------------------------- 
Songwriting: Writing, Arranging, and Producing Music SpecializationWrite, Arrange, and Produce Your Original Songs. Apply the tools and techniques of songwriting to bring your musical ideas to life.Pat Pattison6,416137 ratings
 309--------------------------------- 
IELTS Preparation SpecializationAce the IELTS Test. Use effective strategies for increasing your band scores on the IELTS exam.Jay Daniyarova29,030807 ratings
 310--------------------------------- 
International Women's Health and Human Rights-Anne Firth Murray   91,2381,373 ratings
 311--------------------------------- 
Bayesian Statistics SpecializationBayesian Statistics for Modeling and Prediction. Learn the foundations and practice your data analysis skills.Herbert Lee3,679137 ratings
 312--------------------------------- 
Business English Communication Skills SpecializationBuild English Skills for Business . Improve your ability to speak, write and understand English in professional settings.Richard Moore111,7443,040 ratings
 313--------------------------------- 
An Introduction to Programming the Internet of Things (IOT) SpecializationCreate Your Own Internet of Things (IoT) Device. Design and create a simple IoT device in just six courses.Ian Harris140,49111,768 ratings
 314--------------------------------- 
Fundamentals of Finance-Jessica Wachter   60,796683 ratings
 315--------------------------------- 
Blockchain Revolution in Financial Services Specialization-Don Tapscott13,692747 ratings
 316--------------------------------- 
Intellectual Property Law SpecializationBecome fluent in the rules of the new economy. Learn how to use intellectual property law to protect and maximize the value of your innovationsR. Polk Wagner14,2151,019 ratings
 317--------------------------------- 
Hotel Management: Distribution, Revenue and Demand Management SpecializationBuild a Hospitality Business. Prepare for a professional career in the hotel industry in just three courses.Peter O'Connor21,8421,529 ratings
 318--------------------------------- 

 319--------------------------------- 
Introduction to Systematic Review and Meta-Analysis-Tianjing L125,7543,011 ratings
 320--------------------------------- 
Neuroscience and Neuroimaging SpecializationFamiliarize yourself with fundamental concepts in neuroscience, like Functional Magnetic Resonance Imaging (fMRI), neurohacking (in R), and neuroimaging.Arnold Bakker13,084705 ratings
 321--------------------------------- 
Biostatistics in Public Health SpecializationBuild Statistical Skills for Biological Sciences. Master the tools and methods you need to analyze, interpret, and communicate biostatistical data.John McGread28,8111,828 ratings
 322--------------------------------- 
GIS, Mapping, and Spatial Analysis SpecializationLaunch your career in mapping and GIS!. Learn the concepts, tools, and techniques to make great maps that answer geographic questions.Don Boyes35,6892,004 ratings
 323--------------------------------- 
Investment and Portfolio Management SpecializationBuild a Winning Investment Portfolio. Improve your investment strategies with real-world skills, insights, and analytical tools.Arzu Ozoguz53,0661,948 ratings
 324--------------------------------- 
Managing Emotions in Times of Uncertainty & Stress-Marc Brackett   168,3752,190 ratings
 325--------------------------------- 
Corporate Strategy-Bart Vanneste   41,2751,300 ratings
 326--------------------------------- 
Impact Measurement & Management for the SDGs-Cathy Clark   14,609325 ratings
 327--------------------------------- 
Microsoft Azure Data Scientist Associate (DP-100) Professional CertificateLaunch Your Career in Data Science. Apply data science and machine learning to implement and run machine learning workloads on Azure.Microsoft   
 328--------------------------------- 
Conflict Management SpecializationTurn Conflict into Collaboration. Learn proven approaches to conflict resolution in three courses.Najla DeBow23,474994 ratings
 329--------------------------------- 
Marketing Mix Implementation SpecializationTake your product through the Marketing Mix. Master the Marketing Mix and take your product to new heights.Luis Rodriguez Baptista47,4703,299 ratings
 330--------------------------------- 
Business Strategies for A Better World SpecializationDevelop Business Strategies for Social Impact. Learn the skills you need to help your purpose-driven business thriveMauro Guillen12,3581,430 ratings
 331--------------------------------- 
Software Testing and Automation SpecializationDevelop Skills in Software Testing. Practice and master theory, techniques, and tools to effectively test software.Sanjai Rayadurgam38,339368 ratings
 332--------------------------------- 
Conduct UX Research and Test Early Concepts-Google Career Certificates   Top Instructor  117,4732,981 ratings
 333--------------------------------- 
Project Practicum with Multiple Projects-Shelly Wright   66 ratings
 334--------------------------------- 
Music Business SpecializationLaunch Your Career in the Music Business. Success Begins with Creativity & Fundamentals in Entrepreneurship, Law, and Music Business StructureJohn P. Kellog13,6531,317 ratings
 335--------------------------------- 
Fundamentals of Quantitative Modeling-Richard Waterman   179,2528,245 ratings
 336--------------------------------- 
Viral Marketing and How to Craft Contagious Content-Jonah Berger   264,2014,893 ratings
 337--------------------------------- 
Game Design: Art and Concepts SpecializationCreate Imaginative Games. Design a video game for independent distribution in just four courses.Fran Krause33,7612,200 ratings
 338--------------------------------- 
Introductory Human Physiology-Jennifer Carbrey425,5864,505 ratings
 339--------------------------------- 
Interaction Design SpecializationLearn how to design great user experiences. Design that delights usersScott Klemmer57,6253,057 ratings
 340--------------------------------- 
Robotics SpecializationLearn the Building Blocks for a Career in Robotics. Gain experience programming robots to perform in situations and for use in crisis managementVijay Kumar44,3762,932 ratings
 341--------------------------------- 
Financial Technology (Fintech) Innovations Specialization-Robert Dittmar22,7241,392 ratings
 342--------------------------------- 
Python Data Structures-Charles Russell Severance   905,85391,203 ratings
 343--------------------------------- 
Principles of Management-Illysa Izenberg   9,30951 ratings
 344--------------------------------- 
Supply Chain Principles-Timothy M Brown   73,4711,873 ratings
 345--------------------------------- 
Instructional Methods in Health Professions Education-Caren Stalbur17,564390 ratings
 346--------------------------------- 
TESOL Certificate, Part 2: Teach English Now! SpecializationTESOL Certificate Part II: Teach English Now!. Apply principles of language teaching for reading, writing, listening & speaking.Jessica Cinco26,5442,157 ratings
 347--------------------------------- 
Clinical Trials Operations SpecializationDesign and Conduct Successful Clinical Trials. Build skills for conducting successful and impactful clinical trials.Janet HolbrooNot shown publicly in website.6 ratings
 348--------------------------------- 
Write Professional Emails in English-Gerry Landers   827,38915,815 ratings
 349--------------------------------- 
Social Media Marketing SpecializationManage Your Social Strategies. Expand your online audience and establish your social brand in five courses.Randy Hlavac91,3724,333 ratings
 350--------------------------------- 
Child Nutrition and Cooking-Maya Ada464,2019,426 ratings
 351--------------------------------- 
Cancer Biology SpecializationLearn essential skills in cancer biology, cancer metastasis, and prostate cancer, that will enable you to develop a deeper understanding of the impact of cancer on the human body.Kenneth J. Pient10,7591,005 ratings
 352--------------------------------- 
Medical Neuroscience-Leonard E. Whit291,1482,527 ratings
 353--------------------------------- 
Cybersecurity for Everyone-Charles Harry   65,384489 ratings
 354--------------------------------- 
Learn English: Beginning Grammar SpecializationStart Learning English Today. Use beginning-level English grammar with confidence.Rachel Fernandez22,3611,410 ratings
 355--------------------------------- 
Convolutional Neural Networks-Andrew Ng429,57041,051 ratings
 356--------------------------------- 
Information Systems Auditing, Controls and Assurance-Garvin Percy DIAS   54,6192,483 ratings
 357--------------------------------- 
Algebra: Elementary to Advanced SpecializationStart your journey of Mathematics here. Master the fundamentals of AlgebraJoseph W. Cutron9,949302 ratings
 358--------------------------------- 
AWS Cloud Technical Essentials-Morgan Willis121,1883,016 ratings
 359--------------------------------- 
Introduction to Financial Accounting-Brian J Bushee   275,2137,628 ratings
 360--------------------------------- 
